0 info it worked if it ends with ok
1 verbose cli [ '/usr/local/bin/node',
1 verbose cli   '/usr/local/bin/npm',
1 verbose cli   'install',
1 verbose cli   '-g',
1 verbose cli   'mustache' ]
2 info using npm@2.15.1
3 info using node@v4.4.3
4 verbose install initial load of /usr/local/lib/package.json
5 verbose readDependencies loading dependencies from /usr/local/lib/package.json
6 silly cache add args [ 'mustache', null ]
7 verbose cache add spec mustache
8 silly cache add parsed spec Result {
8 silly cache add   raw: 'mustache',
8 silly cache add   scope: null,
8 silly cache add   name: 'mustache',
8 silly cache add   rawSpec: '',
8 silly cache add   spec: 'latest',
8 silly cache add   type: 'tag' }
9 silly addNamed mustache@latest
10 verbose addNamed "latest" is being treated as a dist-tag for mustache
11 info addNameTag [ 'mustache', 'latest' ]
12 silly mapToRegistry name mustache
13 silly mapToRegistry using default registry
14 silly mapToRegistry registry https://registry.npmjs.org/
15 silly mapToRegistry data Result {
15 silly mapToRegistry   raw: 'mustache',
15 silly mapToRegistry   scope: null,
15 silly mapToRegistry   name: 'mustache',
15 silly mapToRegistry   rawSpec: '',
15 silly mapToRegistry   spec: 'latest',
15 silly mapToRegistry   type: 'tag' }
16 silly mapToRegistry uri https://registry.npmjs.org/mustache
17 verbose addNameTag registry:https://registry.npmjs.org/mustache not in flight; fetching
18 verbose request uri https://registry.npmjs.org/mustache
19 verbose request no auth needed
20 info attempt registry request try #1 at 12:40:17
21 verbose request id 0bbe631898eaea67
22 verbose etag "6TV0VPAUAM2CYU4WC3LB2G0QY"
23 http request GET https://registry.npmjs.org/mustache
24 http 304 https://registry.npmjs.org/mustache
25 verbose headers { date: 'Fri, 29 Apr 2016 11:40:18 GMT',
25 verbose headers   via: '1.1 varnish',
25 verbose headers   'cache-control': 'max-age=300',
25 verbose headers   etag: '"6TV0VPAUAM2CYU4WC3LB2G0QY"',
25 verbose headers   age: '0',
25 verbose headers   connection: 'keep-alive',
25 verbose headers   'x-served-by': 'cache-lhr6330-LHR',
25 verbose headers   'x-cache': 'MISS',
25 verbose headers   'x-cache-hits': '0',
25 verbose headers   'x-timer': 'S1461930018.584540,VS0,VE519',
25 verbose headers   vary: 'Accept-Encoding' }
26 silly get cb [ 304,
26 silly get   { date: 'Fri, 29 Apr 2016 11:40:18 GMT',
26 silly get     via: '1.1 varnish',
26 silly get     'cache-control': 'max-age=300',
26 silly get     etag: '"6TV0VPAUAM2CYU4WC3LB2G0QY"',
26 silly get     age: '0',
26 silly get     connection: 'keep-alive',
26 silly get     'x-served-by': 'cache-lhr6330-LHR',
26 silly get     'x-cache': 'MISS',
26 silly get     'x-cache-hits': '0',
26 silly get     'x-timer': 'S1461930018.584540,VS0,VE519',
26 silly get     vary: 'Accept-Encoding' } ]
27 verbose etag https://registry.npmjs.org/mustache from cache
28 verbose get saving mustache to /Users/cherifa/.npm/registry.npmjs.org/mustache/.cache.json
29 verbose correctMkdir /Users/cherifa/.npm correctMkdir not in flight; initializing
30 silly addNameTag next cb for mustache with tag latest
31 silly addNamed mustache@2.2.1
32 verbose addNamed "2.2.1" is a plain semver version for mustache
33 silly cache afterAdd mustache@2.2.1
34 verbose afterAdd /Users/cherifa/.npm/mustache/2.2.1/package/package.json not in flight; writing
35 verbose correctMkdir /Users/cherifa/.npm correctMkdir not in flight; initializing
36 verbose afterAdd /Users/cherifa/.npm/mustache/2.2.1/package/package.json written
37 silly install resolved [ { name: 'mustache',
37 silly install resolved     version: '2.2.1',
37 silly install resolved     description: 'Logic-less {{mustache}} templates with JavaScript',
37 silly install resolved     author:
37 silly install resolved      { name: 'mustache.js Authors',
37 silly install resolved        email: 'http://github.com/janl/mustache.js' },
37 silly install resolved     homepage: 'https://github.com/janl/mustache.js',
37 silly install resolved     repository:
37 silly install resolved      { type: 'git',
37 silly install resolved        url: 'git+https://github.com/janl/mustache.js.git' },
37 silly install resolved     keywords: [ 'mustache', 'template', 'templates', 'ejs' ],
37 silly install resolved     main: './mustache.js',
37 silly install resolved     bin: { mustache: './bin/mustache' },
37 silly install resolved     files: [ 'mustache.js', 'mustache.min.js', 'bin', 'wrappers', 'LICENSE' ],
37 silly install resolved     volo: { url: 'https://raw.github.com/janl/mustache.js/{version}/mustache.js' },
37 silly install resolved     engines: { npm: '>=1.4.0' },
37 silly install resolved     scripts:
37 silly install resolved      { pretest: 'eslint mustache.js bin/mustache',
37 silly install resolved        test: 'mocha --reporter spec test/*-test.js',
37 silly install resolved        'test-render': 'mocha  --reporter spec test/render-test',
37 silly install resolved        'pre-test-browser': 'node test/create-browser-suite.js',
37 silly install resolved        'test-browser': 'npm run pre-test-browser && zuul -- test/context-test.js test/parse-test.js test/scanner-test.js test/render-test-browser.js',
37 silly install resolved        'test-browser-local': 'npm run pre-test-browser && zuul --local 8080 -- test/context-test.js test/scanner-test.js test/parse-test.js test/render-test-browser.js' },
37 silly install resolved     devDependencies:
37 silly install resolved      { chai: '^3.4.0',
37 silly install resolved        eslint: '^1.7.3',
37 silly install resolved        mocha: '^2.1.0',
37 silly install resolved        zuul: '^3.7.0' },
37 silly install resolved     spm: { main: 'mustache.js', ignore: [Object] },
37 silly install resolved     license: 'MIT',
37 silly install resolved     gitHead: 'cd06b22dabdaeffe3e4c74ee02bd492a11bbb740',
37 silly install resolved     bugs: { url: 'https://github.com/janl/mustache.js/issues' },
37 silly install resolved     _id: 'mustache@2.2.1',
37 silly install resolved     _shasum: '2c40ca21c278f53150682bcf9090e41a3339b876',
37 silly install resolved     _from: 'mustache@latest',
37 silly install resolved     _npmVersion: '2.14.8',
37 silly install resolved     _nodeVersion: '4.2.1',
37 silly install resolved     _npmUser: { name: 'dasilvacontin', email: 'dasilvacontin@gmail.com' },
37 silly install resolved     dist:
37 silly install resolved      { shasum: '2c40ca21c278f53150682bcf9090e41a3339b876',
37 silly install resolved        tarball: 'https://registry.npmjs.org/mustache/-/mustache-2.2.1.tgz' },
37 silly install resolved     maintainers: [ [Object], [Object], [Object], [Object] ],
37 silly install resolved     directories: {},
37 silly install resolved     _resolved: 'https://registry.npmjs.org/mustache/-/mustache-2.2.1.tgz',
37 silly install resolved     readme: 'ERROR: No README data found!' } ]
38 info install mustache@2.2.1 into /usr/local/lib
39 info installOne mustache@2.2.1
40 verbose installOne of mustache to /usr/local/lib not in flight; installing
41 verbose correctMkdir /Users/cherifa/.npm/_locks correctMkdir not in flight; initializing
42 verbose lock using /Users/cherifa/.npm/_locks/mustache-1c6c90dca3996dfe.lock for /usr/local/lib/node_modules/mustache
43 silly install write writing mustache 2.2.1 to /usr/local/lib/node_modules/mustache
44 verbose unbuild lib/node_modules/mustache
45 silly gentlyRm /usr/local/lib/node_modules/mustache is being purged from base /usr/local
46 verbose gentlyRm don't care about contents; nuking /usr/local/lib/node_modules/mustache
47 verbose tar unpack /Users/cherifa/.npm/mustache/2.2.1/package.tgz
48 verbose tar unpacking to /usr/local/lib/node_modules/mustache
49 silly gentlyRm /usr/local/lib/node_modules/mustache is being purged
50 verbose gentlyRm don't care about contents; nuking /usr/local/lib/node_modules/mustache
51 silly gunzTarPerm modes [ '755', '644' ]
52 error tar.unpack untar error /Users/cherifa/.npm/mustache/2.2.1/package.tgz
53 verbose unlock done using /Users/cherifa/.npm/_locks/mustache-1c6c90dca3996dfe.lock for /usr/local/lib/node_modules/mustache
54 verbose fstream_path /usr/local/lib/node_modules/mustache
55 verbose fstream_type Directory
56 verbose fstream_class DirWriter
57 verbose stack Error: EACCES: permission denied, mkdir '/usr/local/lib/node_modules/mustache'
57 verbose stack     at Error (native)
58 verbose fstream_stack /usr/local/lib/node_modules/npm/node_modules/fstream/lib/dir-writer.js:35:25
58 verbose fstream_stack /usr/local/lib/node_modules/npm/node_modules/mkdirp/index.js:47:53
58 verbose fstream_stack FSReqWrap.oncomplete (fs.js:82:15)
59 verbose cwd /Applications/XAMPP/xamppfiles/htdocs/projet-laravel/project
60 error Darwin 14.5.0
61 error argv "/usr/local/bin/node" "/usr/local/bin/npm" "install" "-g" "mustache"
62 error node v4.4.3
63 error npm  v2.15.1
64 error path /usr/local/lib/node_modules/mustache
65 error code EACCES
66 error errno -13
67 error syscall mkdir
68 error Error: EACCES: permission denied, mkdir '/usr/local/lib/node_modules/mustache'
68 error     at Error (native)
68 error  { [Error: EACCES: permission denied, mkdir '/usr/local/lib/node_modules/mustache']
68 error   errno: -13,
68 error   code: 'EACCES',
68 error   syscall: 'mkdir',
68 error   path: '/usr/local/lib/node_modules/mustache',
68 error   fstream_type: 'Directory',
68 error   fstream_path: '/usr/local/lib/node_modules/mustache',
68 error   fstream_class: 'DirWriter',
68 error   fstream_stack:
68 error    [ '/usr/local/lib/node_modules/npm/node_modules/fstream/lib/dir-writer.js:35:25',
68 error      '/usr/local/lib/node_modules/npm/node_modules/mkdirp/index.js:47:53',
68 error      'FSReqWrap.oncomplete (fs.js:82:15)' ] }
69 error Please try running this command again as root/Administrator.
70 verbose exit [ -13, true ]
71 verbose unbuild lib/node_modules/mustache
72 silly gentlyRm /usr/local/lib/node_modules/mustache is being purged from base /usr/local
73 verbose gentlyRm don't care about contents; nuking /usr/local/lib/node_modules/mustache
